# JRE version: OpenJDK Runtime Environment (11.0.11+9) (build 11.0.11+9-b60-7590822)
# Java VM: OpenJDK 64-Bit Server VM (11.0.11+9-b60-7590822, mixed mode, tiered, compressed oops, g1 gc, windows-amd64)
Heap:
 garbage-first heap   total 131072K, used 75590K [0x00000000a0000000, 0x0000000100000000)
  region size 1024K, 26 young (26624K), 5 survivors (5120K)
 Metaspace       used 64205K, capacity 65828K, committed 65924K, reserved 1107968K
  class space    used 8126K, capacity 8724K, committed 8756K, reserved 1048576K
GC Heap History (20 events):
Event: 11.636 GC heap before
{Heap before GC invocations=3 (full 0):
 garbage-first heap   total 131072K, used 30281K [0x00000000a0000000, 0x0000000100000000)
  region size 1024K, 17 young (17408K), 3 survivors (3072K)
 Metaspace       used 20641K, capacity 21163K, committed 21296K, reserved 1069056K
  class space    used 2513K, capacity 2656K, committed 2688K, reserved 1048576K
}
Event: 11.642 GC heap after
{Heap after GC invocations=4 (full 0):
 garbage-first heap   total 131072K, used 17544K [0x00000000a0000000, 0x0000000100000000)
  region size 1024K, 4 young (4096K), 4 survivors (4096K)
 Metaspace       used 20641K, capacity 21163K, committed 21296K, reserved 1069056K
  class space    used 2513K, capacity 2656K, committed 2688K, reserved 1048576K
}
Event: 14.124 GC heap before
{Heap before GC invocations=5 (full 0):
 garbage-first heap   total 131072K, used 69768K [0x00000000a0000000, 0x0000000100000000)
  region size 1024K, 55 young (56320K), 4 survivors (4096K)
 Metaspace       used 26114K, capacity 26678K, committed 26928K, reserved 1073152K
  class space    used 3411K, capacity 3611K, committed 3712K, reserved 1048576K
}
Event: 14.130 GC heap after
{Heap after GC invocations=6 (full 0):
 garbage-first heap   total 131072K, used 19389K [0x00000000a0000000, 0x0000000100000000)
  region size 1024K, 6 young (6144K), 6 survivors (6144K)
 Metaspace       used 26114K, capacity 26678K, committed 26928K, reserved 1073152K
  class space    used 3411K, capacity 3611K, committed 3712K, reserved 1048576K
}
Event: 16.247 GC heap before
{Heap before GC invocations=6 (full 0):
 garbage-first heap   total 131072K, used 73661K [0x00000000a0000000, 0x0000000100000000)
  region size 1024K, 59 young (60416K), 6 survivors (6144K)
 Metaspace       used 31469K, capacity 32231K, committed 32432K, reserved 1077248K
  class space    used 4198K, capacity 4484K, committed 4608K, reserved 1048576K
}
Event: 16.256 GC heap after
{Heap after GC invocations=7 (full 0):
 garbage-first heap   total 131072K, used 21373K [0x00000000a0000000, 0x0000000100000000)
  region size 1024K, 5 young (5120K), 5 survivors (5120K)
 Metaspace       used 31469K, capacity 32231K, committed 32432K, reserved 1077248K
  class space    used 4198K, capacity 4484K, committed 4608K, reserved 1048576K
}
Event: 17.312 GC heap before
{Heap before GC invocations=7 (full 0):
 garbage-first heap   total 131072K, used 30589K [0x00000000a0000000, 0x0000000100000000)
  region size 1024K, 15 young (15360K), 5 survivors (5120K)
 Metaspace       used 35092K, capacity 35829K, committed 35920K, reserved 1081344K
  class space    used 4536K, capacity 4835K, committed 4864K, reserved 1048576K
}
Event: 17.323 GC heap after
{Heap after GC invocations=8 (full 0):
 garbage-first heap   total 131072K, used 22943K [0x00000000a0000000, 0x0000000100000000)
  region size 1024K, 7 young (7168K), 7 survivors (7168K)
 Metaspace       used 35092K, capacity 35829K, committed 35920K, reserved 1081344K
  class space    used 4536K, capacity 4835K, committed 4864K, reserved 1048576K
}
Event: 20.524 GC heap before
{Heap before GC invocations=9 (full 0):
 garbage-first heap   total 131072K, used 91551K [0x00000000a0000000, 0x0000000100000000)
  region size 1024K, 72 young (73728K), 7 survivors (7168K)
 Metaspace       used 40369K, capacity 41323K, committed 41500K, reserved 1085440K
  class space    used 5136K, capacity 5485K, committed 5580K, reserved 1048576K
}
Event: 20.540 GC heap after
{Heap after GC invocations=10 (full 0):
 garbage-first heap   total 131072K, used 27769K [0x00000000a0000000, 0x0000000100000000)
  region size 1024K, 9 young (9216K), 9 survivors (9216K)
 Metaspace       used 40369K, capacity 41323K, committed 41500K, reserved 1085440K
  class space    used 5136K, capacity 5485K, committed 5580K, reserved 1048576K
}
Event: 22.639 GC heap before
{Heap before GC invocations=10 (full 0):
 garbage-first heap   total 131072K, used 90233K [0x00000000a0000000, 0x0000000100000000)
  region size 1024K, 70 young (71680K), 9 survivors (9216K)
 Metaspace       used 45202K, capacity 46280K, committed 46492K, reserved 1089536K
  class space    used 5774K, capacity 6154K, committed 6220K, reserved 1048576K
}
Event: 22.654 GC heap after
{Heap after GC invocations=11 (full 0):
 garbage-first heap   total 131072K, used 30682K [0x00000000a0000000, 0x0000000100000000)
  region size 1024K, 4 young (4096K), 4 survivors (4096K)
 Metaspace       used 45202K, capacity 46280K, committed 46492K, reserved 1089536K
  class space    used 5774K, capacity 6154K, committed 6220K, reserved 1048576K
}
Event: 41.382 GC heap before
{Heap before GC invocations=11 (full 0):
 garbage-first heap   total 131072K, used 93146K [0x00000000a0000000, 0x0000000100000000)
  region size 1024K, 66 young (67584K), 4 survivors (4096K)
 Metaspace       used 48688K, capacity 49926K, committed 50076K, reserved 1093632K
  class space    used 6171K, capacity 6617K, committed 6732K, reserved 1048576K
}
Event: 41.391 GC heap after
{Heap after GC invocations=12 (full 0):
 garbage-first heap   total 131072K, used 32858K [0x00000000a0000000, 0x0000000100000000)
  region size 1024K, 6 young (6144K), 6 survivors (6144K)
 Metaspace       used 48688K, capacity 49926K, committed 50076K, reserved 1093632K
  class space    used 6171K, capacity 6617K, committed 6732K, reserved 1048576K
}
Event: 55.158 GC heap before
{Heap before GC invocations=12 (full 0):
 garbage-first heap   total 131072K, used 106586K [0x00000000a0000000, 0x0000000100000000)
  region size 1024K, 69 young (70656K), 6 survivors (6144K)
 Metaspace       used 54892K, capacity 56388K, committed 56476K, reserved 1097728K
  class space    used 6953K, capacity 7488K, committed 7500K, reserved 1048576K
}
Event: 55.173 GC heap after
{Heap after GC invocations=13 (full 0):
 garbage-first heap   total 131072K, used 49915K [0x00000000a0000000, 0x0000000100000000)
  region size 1024K, 9 young (9216K), 9 survivors (9216K)
 Metaspace       used 54892K, capacity 56388K, committed 56476K, reserved 1097728K
  class space    used 6953K, capacity 7488K, committed 7500K, reserved 1048576K
}
Event: 56.882 GC heap before
{Heap before GC invocations=13 (full 0):
 garbage-first heap   total 131072K, used 78587K [0x00000000a0000000, 0x0000000100000000)
  region size 1024K, 38 young (38912K), 9 survivors (9216K)
 Metaspace       used 58768K, capacity 60312K, committed 60420K, reserved 1101824K
  class space    used 7470K, capacity 8027K, committed 8116K, reserved 1048576K
}
Event: 56.895 GC heap after
{Heap after GC invocations=14 (full 0):
 garbage-first heap   total 131072K, used 51973K [0x00000000a0000000, 0x0000000100000000)
  region size 1024K, 2 young (2048K), 2 survivors (2048K)
 Metaspace       used 58768K, capacity 60312K, committed 60420K, reserved 1101824K
  class space    used 7470K, capacity 8027K, committed 8116K, reserved 1048576K
}
Event: 58.377 GC heap before
{Heap before GC invocations=15 (full 0):
 garbage-first heap   total 131072K, used 93957K [0x00000000a0000000, 0x0000000100000000)
  region size 1024K, 44 young (45056K), 2 survivors (2048K)
 Metaspace       used 62703K, capacity 64361K, committed 64516K, reserved 1105920K
  class space    used 7926K, capacity 8517K, committed 8628K, reserved 1048576K
}
Event: 58.392 GC heap after
{Heap after GC invocations=16 (full 0):
 garbage-first heap   total 131072K, used 55110K [0x00000000a0000000, 0x0000000100000000)
  region size 1024K, 5 young (5120K), 5 survivors (5120K)
 Metaspace       used 62703K, capacity 64361K, committed 64516K, reserved 1105920K
  class space    used 7926K, capacity 8517K, committed 8628K, reserved 1048576K
}

